<?xml version="1.0" encoding="UTF-8"?>
<testng-results ignored="0" total="2" passed="2" failed="0" skipped="0">
  <reporter-output>
  </reporter-output>
  <suite started-at="2025-05-26T16:52:48 IST" name="Suite" finished-at="2025-05-26T16:53:18 IST" duration-ms="30136">
    <groups>
    </groups>
    <test started-at="2025-05-26T16:52:48 IST" name="Test" finished-at="2025-05-26T16:53:18 IST" duration-ms="30136">
      <class name="ParallalTesting2">
        <test-method signature="ParallalTesting()[pri:0, instance:ParallalTesting2@29d89d5d]" started-at="2025-05-26T16:52:48 IST" name="ParallalTesting" finished-at="2025-05-26T16:53:14 IST" duration-ms="25950" status="PASS">
          <reporter-output>
          </reporter-output>
        </test-method> <!-- ParallalTesting -->
      </class> <!-- ParallalTesting2 -->
      <class name="ParallalTesting1">
        <test-method signature="ParallalTesting()[pri:0, instance:ParallalTesting1@37654521]" started-at="2025-05-26T16:52:48 IST" name="ParallalTesting" finished-at="2025-05-26T16:53:18 IST" duration-ms="30094" status="PASS">
          <reporter-output>
          </reporter-output>
        </test-method> <!-- ParallalTesting -->
      </class> <!-- ParallalTesting1 -->
    </test> <!-- Test -->
  </suite> <!-- Suite -->
</testng-results>
